#
# A fatal error has been detected by the Java Runtime Environment:
#
#  Internal Error (javaClasses.cpp:129), pid=3444, tid=3256
#  fatal error: Invalid layout of preloaded class
#
# JRE version: 7.0_09-b05
# Java VM: Java HotSpot(TM) 64-Bit Server VM (23.5-b02 mixed mode windows-amd64 compressed oops)
# Failed to write core dump. Minidumps are not enabled by default on client versions of Windows
#
# If you would like to submit a bug report, please visit:
#   http://bugreport.sun.com/bugreport/crash.jsp
#

---------------  T H R E A D  ---------------

Current thread (0x00000000021ac800):  JavaThread "Unknown thread" [_thread_in_vm, id=3256, stack(0x0000000002500000,0x0000000002600000)]

Stack: [0x0000000002500000,0x0000000002600000]

---------------  P R O C E S S  ---------------

Java Threads: ( => current thread )

Other Threads:

=>0x00000000021ac800 (exited) JavaThread "Unknown thread" [_thread_in_vm, id=3256, stack(0x0000000002500000,0x0000000002600000)]

VM state:not at safepoint (not fully initialized)

VM Mutex/Monitor currently owned by a thread: None

GC Heap History (0 events):
No events

Deoptimization events (0 events):
No events

Internal exceptions (0 events):
No events

Events (10 events):
Event: 0.008 loading class 0x0000000002212910 done
Event: 0.008 loading class 0x00000000021d9ee0 done
Event: 0.008 loading class 0x00000000021d9eb0
Event: 0.009 loading class 0x00000000022371a0
Event: 0.009 loading class 0x00000000022371a0 done
Event: 0.009 loading class 0x00000000022371e0
Event: 0.009 loading class 0x00000000022371e0 done
Event: 0.009 loading class 0x00000000022392d0
Event: 0.009 loading class 0x00000000022392d0 done
Event: 0.009 loading class 0x00000000021d9eb0 done


Dynamic libraries:
0x000000013fb70000 - 0x000000013fba4000 	C:\Program Files\Java\jre7\bin\javaw.exe
0x0000000077580000 - 0x0000000077729000 	C:\Windows\SYSTEM32\ntdll.dll
0x0000000077460000 - 0x000000007757f000 	C:\Windows\system32\kernel32.dll
0x000007fefda90000 - 0x000007fefdafb000 	C:\Windows\system32\KERNELBASE.dll
0x000007fefe380000 - 0x000007fefe45b000 	C:\Windows\system32\ADVAPI32.dll
0x000007fefe020000 - 0x000007fefe0bf000 	C:\Windows\system32\msvcrt.dll
0x000007fefe2e0000 - 0x000007fefe2ff000 	C:\Windows\SYSTEM32\sechost.dll
0x000007fefe500000 - 0x000007fefe62d000 	C:\Windows\system32\RPCRT4.dll
0x0000000077210000 - 0x000000007730a000 	C:\Windows\system32\USER32.dll
0x000007fefde80000 - 0x000007fefdee7000 	C:\Windows\system32\GDI32.dll
0x000007feff830000 - 0x000007feff83e000 	C:\Windows\system32\LPK.dll
0x000007fefddb0000 - 0x000007fefde79000 	C:\Windows\system32\USP10.dll
0x000007fefb4f0000 - 0x000007fefb6e4000 	C:\Windows\WinSxS\amd64_microsoft.windows.common-controls_6595b64144ccf1df_6.0.7601.17514_none_fa396087175ac9ac\COMCTL32.dll
0x000007fefea20000 - 0x000007fefea91000 	C:\Windows\system32\SHLWAPI.dll
0x000007fefe630000 - 0x000007fefe65e000 	C:\Windows\system32\IMM32.DLL
0x000007fefdf10000 - 0x000007fefe019000 	C:\Windows\system32\MSCTF.dll
0x000000006c6c0000 - 0x000000006c791000 	C:\Program Files\Java\jre7\bin\msvcr100.dll
0x000000006bfa0000 - 0x000000006c6bf000 	C:\Program Files\Java\jre7\bin\server\jvm.dll
0x000007fef3fc0000 - 0x000007fef3fc9000 	C:\Windows\system32\WSOCK32.dll
0x000007feff840000 - 0x000007feff88d000 	C:\Windows\system32\WS2_32.dll
0x000007fefe2d0000 - 0x000007fefe2d8000 	C:\Windows\system32\NSI.dll
0x000007fefa050000 - 0x000007fefa08b000 	C:\Windows\system32\WINMM.dll
0x0000000077750000 - 0x0000000077757000 	C:\Windows\system32\PSAPI.DLL
0x000000006dfa0000 - 0x000000006dfaf000 	C:\Program Files\Java\jre7\bin\verify.dll
0x000000006d620000 - 0x000000006d648000 	C:\Program Files\Java\jre7\bin\java.dll
0x000000006d5d0000 - 0x000000006d5e5000 	C:\Program Files\Java\jre7\bin\zip.dll

VM Arguments:
jvm_args: -Dfile.encoding=UTF-8 -Xbootclasspath:C:\Program Files\platforms\android-8\android.jar;C:\Program Files\add-ons\addon-google_apis-google-8\libs\maps.jar 
java_command: twitter4j.Version
Launcher Type: SUN_STANDARD

Environment Variables:
JAVA_HOME=C:\Program Files\Java\jdk1.7.0_09
PATH=C:\Program Files\Common Files\Microsoft Shared\Windows Live;C:\Program Files (x86)\Common Files\Microsoft Shared\Windows Live;C:\Program Files (x86)\AMD APP\bin\x86_64;C:\Program Files (x86)\AMD APP\bin\x86;C:\Windows\system32;C:\Windows;C:\Windows\System32\Wbem;C:\Windows\System32\WindowsPowerShell\v1.0\;C:\Program Files (x86)\ATI Technologies\ATI.ACE\Core-Static;C:\Program Files (x86)\Windows Live\Shared;C:\Program Files\Java\jre7\bin;JAVA_HOME\bin;C:\Program Files\Java\jdk1.7.0_09\bin;C:\Program Files\adt-bundle-windows\sdk\tools;
USERNAME=keke
OS=Windows_NT
PROCESSOR_IDENTIFIER=AMD64 Family 16 Model 6 Stepping 2, AuthenticAMD



---------------  S Y S T E M  ---------------

OS: Windows 7 , 64 bit Build 7601 Service Pack 1

CPU:total 2 (2 cores per cpu, 1 threads per core) family 16 model 6 stepping 2, cmov, cx8, fxsr, mmx, sse, sse2, sse3, popcnt, mmxext, 3dnowpref, lzcnt, sse4a, tsc, tscinvbit, tscinv

Memory: 4k page, physical 6159608k(3317732k free), swap 6157764k(3015596k free)

vm_info: Java HotSpot(TM) 64-Bit Server VM (23.5-b02) for windows-amd64 JRE (1.7.0_09-b05), built on Sep 24 2012 21:45:04 by "java_re" with unknown MS VC++:1600

time: Sat Dec 01 12:55:27 2012
elapsed time: 0 seconds

